<?xml version="1.0" encoding="UTF-8"?>
<!-- Generated by org.testng.reporters.JUnitReportReporter -->
<testsuite skipped="0" hostname="DESKTOP-EK6HSHC" name="com.testNG.TestNG" tests="1" failures="0" timestamp="21 Apr 2022 20:29:34 GMT" time="0.031" errors="0">
  <testcase name="te2" time="0.031" classname="com.testNG.TestNG"/>
</testsuite> <!-- com.testNG.TestNG -->
